This file contains any messages produced by compilers while
running configure, to aid debugging if configure makes a mistake.

It was created by OSLG configure 2.0-beta-src2, which was
generated by GNU Autoconf 2.69.  Invocation command line was

  $ ./configure 

## --------- ##
## Platform. ##
## --------- ##

hostname = gateway-E4300
uname -m = i686
uname -r = 4.15.0-213-generic
uname -s = Linux
uname -v = #224-Ubuntu SMP Mon Jun 19 13:29:48 UTC 2023

/usr/bin/uname -p = unknown
/bin/uname -X     = unknown

/bin/arch              = unknown
/usr/bin/arch -k       = unknown
/usr/convex/getsysinfo = unknown
/usr/bin/hostinfo      = unknown
/bin/machine           = unknown
/usr/bin/oslevel       = unknown
/bin/universe          = unknown

PATH: /home/gateway/bin
PATH: /home/gateway/.local/bin
PATH: /usr/local/sbin
PATH: /usr/local/bin
PATH: /usr/sbin
PATH: /usr/bin
PATH: /sbin
PATH: /bin
PATH: /usr/games
PATH: /usr/local/games
PATH: /snap/bin


## ----------- ##
## Core tests. ##
## ----------- ##

configure:2495: checking build system type
configure:2509: result: i686-pc-linux-gnu
configure:2529: checking host system type
configure:2542: result: i686-pc-linux-gnu
configure:2562: checking target system type
configure:2575: result: i686-pc-linux-gnu
configure:2629: checking for a BSD-compatible install
configure:2697: result: /usr/bin/install -c
configure:2708: checking whether build environment is sane
configure:2763: result: yes
configure:2904: checking for a thread-safe mkdir -p
configure:2943: result: /bin/mkdir -p
configure:2950: checking for gawk
configure:2980: result: no
configure:2950: checking for mawk
configure:2966: found /usr/bin/mawk
configure:2977: result: mawk
configure:2988: checking whether make sets $(MAKE)
configure:3010: result: yes
configure:3039: checking whether make supports nested variables
configure:3056: result: yes
configure:3302: checking for cmp
configure:3318: found /usr/bin/cmp
configure:3329: result: cmp
configure:3348: checking for bison
configure:3364: found /usr/bin/bison
configure:3375: result: bison
configure:3403: checking for gawk
configure:3430: result: mawk
configure:3441: checking whether make sets $(MAKE)
configure:3463: result: yes
configure:3477: checking for ruby
configure:3495: found /usr/bin/ruby
configure:3507: result: /usr/bin/ruby
configure:3517: checking for makeinfo
configure:3550: result: no
configure:3608: checking for gcc
configure:3624: found /usr/bin/gcc
configure:3635: result: gcc
configure:3864: checking for C compiler version
configure:3873: gcc --version >&5
gcc (Ubuntu 7.5.0-3ubuntu1~18.04) 7.5.0
Copyright (C) 2017 Free Software Foundation, Inc.
This is free software; see the source for copying conditions.  There is NO
warranty; not even for MERCHANTABILITY or FITNESS FOR A PARTICULAR PURPOSE.

configure:3884: $? = 0
configure:3873: gcc -v >&5
Using built-in specs.
COLLECT_GCC=gcc
COLLECT_LTO_WRAPPER=/usr/lib/gcc/i686-linux-gnu/7/lto-wrapper
Target: i686-linux-gnu
Configured with: ../src/configure -v --with-pkgversion='Ubuntu 7.5.0-3ubuntu1~18.04' --with-bugurl=file:///usr/share/doc/gcc-7/README.Bugs --enable-languages=c,ada,c++,go,brig,d,fortran,objc,obj-c++ --prefix=/usr --with-gcc-major-version-only --program-suffix=-7 --program-prefix=i686-linux-gnu- --enable-shared --enable-linker-build-id --libexecdir=/usr/lib --without-included-gettext --enable-threads=posix --libdir=/usr/lib --enable-nls --enable-clocale=gnu --enable-libstdcxx-debug --enable-libstdcxx-time=yes --with-default-libstdcxx-abi=new --enable-gnu-unique-object --disable-vtable-verify --enable-libmpx --enable-plugin --enable-default-pie --with-system-zlib --with-target-system-zlib --enable-objc-gc=auto --enable-targets=all --enable-multiarch --disable-werror --with-arch-32=i686 --with-multilib-list=m32,m64,mx32 --enable-multilib --with-tune=generic --enable-checking=release --build=i686-linux-gnu --host=i686-linux-gnu --target=i686-linux-gnu
Thread model: posix
gcc version 7.5.0 (Ubuntu 7.5.0-3ubuntu1~18.04) 
configure:3884: $? = 0
configure:3873: gcc -V >&5
gcc: error: unrecognized command line option '-V'
gcc: fatal error: no input files
compilation terminated.
configure:3884: $? = 1
configure:3873: gcc -qversion >&5
gcc: error: unrecognized command line option '-qversion'; did you mean '--version'?
gcc: fatal error: no input files
compilation terminated.
configure:3884: $? = 1
configure:3904: checking whether the C compiler works
configure:3926: gcc  -DGRUB_MACHINE_PCBIOS=1 -O2   conftest.c  >&5
configure:3930: $? = 0
configure:3978: result: yes
configure:3981: checking for C compiler default output file name
configure:3983: result: a.out
configure:3989: checking for suffix of executables
configure:3996: gcc -o conftest  -DGRUB_MACHINE_PCBIOS=1 -O2   conftest.c  >&5
configure:4000: $? = 0
configure:4022: result: 
configure:4044: checking whether we are cross compiling
configure:4052: gcc -o conftest  -DGRUB_MACHINE_PCBIOS=1 -O2   conftest.c  >&5
configure:4056: $? = 0
configure:4063: ./conftest
configure:4067: $? = 0
configure:4082: result: no
configure:4087: checking for suffix of object files
configure:4109: gcc -c  -DGRUB_MACHINE_PCBIOS=1 -O2  conftest.c >&5
configure:4113: $? = 0
configure:4134: result: o
configure:4138: checking whether we are using the GNU C compiler
configure:4157: gcc -c  -DGRUB_MACHINE_PCBIOS=1 -O2  conftest.c >&5
configure:4157: $? = 0
configure:4166: result: yes
configure:4175: checking whether gcc accepts -g
configure:4195: gcc -c -g  conftest.c >&5
configure:4195: $? = 0
configure:4236: result: yes
configure:4253: checking for gcc option to accept ISO C89
configure:4316: gcc  -c  -DGRUB_MACHINE_PCBIOS=1 -O2  conftest.c >&5
configure:4316: $? = 0
configure:4329: result: none needed
configure:4354: checking whether gcc understands -c and -o together
configure:4376: gcc -c conftest.c -o conftest2.o
configure:4379: $? = 0
configure:4376: gcc -c conftest.c -o conftest2.o
configure:4379: $? = 0
configure:4391: result: yes
configure:4419: checking for style of include used by make
configure:4447: result: GNU
configure:4473: checking dependency style of gcc
configure:4584: result: none
configure:4608: checking how to run the C preprocessor
configure:4639: gcc -E  conftest.c
configure:4639: $? = 0
configure:4653: gcc -E  conftest.c
conftest.c:11:10: fatal error: ac_nonexistent.h: No such file or directory
 #include <ac_nonexistent.h>
          ^~~~~~~~~~~~~~~~~~
compilation terminated.
configure:4653: $? = 1
configure: failed program was:
| /* confdefs.h */
| #define PACKAGE_NAME "OSLG"
| #define PACKAGE_TARNAME "oslg"
| #define PACKAGE_VERSION "2.0-beta-src2"
| #define PACKAGE_STRING "OSLG 2.0-beta-src2"
| #define PACKAGE_BUGREPORT "frederickgvaldez@gmail.com"
| #define PACKAGE_URL ""
| #define PACKAGE "oslg"
| #define VERSION "2.0-beta-src2"
| /* end confdefs.h.  */
| #include <ac_nonexistent.h>
configure:4678: result: gcc -E
configure:4698: gcc -E  conftest.c
configure:4698: $? = 0
configure:4712: gcc -E  conftest.c
conftest.c:11:10: fatal error: ac_nonexistent.h: No such file or directory
 #include <ac_nonexistent.h>
          ^~~~~~~~~~~~~~~~~~
compilation terminated.
configure:4712: $? = 1
configure: failed program was:
| /* confdefs.h */
| #define PACKAGE_NAME "OSLG"
| #define PACKAGE_TARNAME "oslg"
| #define PACKAGE_VERSION "2.0-beta-src2"
| #define PACKAGE_STRING "OSLG 2.0-beta-src2"
| #define PACKAGE_BUGREPORT "frederickgvaldez@gmail.com"
| #define PACKAGE_URL ""
| #define PACKAGE "oslg"
| #define VERSION "2.0-beta-src2"
| /* end confdefs.h.  */
| #include <ac_nonexistent.h>
configure:4741: checking for grep that handles long lines and -e
configure:4799: result: /bin/grep
configure:4804: checking for egrep
configure:4866: result: /bin/grep -E
configure:4871: checking for ANSI C header files
configure:4891: gcc -c  -DGRUB_MACHINE_PCBIOS=1 -O2  conftest.c >&5
configure:4891: $? = 0
configure:4964: gcc -o conftest  -DGRUB_MACHINE_PCBIOS=1 -O2   conftest.c  >&5
configure:4964: $? = 0
configure:4964: ./conftest
configure:4964: $? = 0
configure:4975: result: yes
configure:4988: checking for sys/types.h
configure:4988: gcc -c  -DGRUB_MACHINE_PCBIOS=1 -O2  conftest.c >&5
configure:4988: $? = 0
configure:4988: result: yes
configure:4988: checking for sys/stat.h
configure:4988: gcc -c  -DGRUB_MACHINE_PCBIOS=1 -O2  conftest.c >&5
configure:4988: $? = 0
configure:4988: result: yes
configure:4988: checking for stdlib.h
configure:4988: gcc -c  -DGRUB_MACHINE_PCBIOS=1 -O2  conftest.c >&5
configure:4988: $? = 0
configure:4988: result: yes
configure:4988: checking for string.h
configure:4988: gcc -c  -DGRUB_MACHINE_PCBIOS=1 -O2  conftest.c >&5
configure:4988: $? = 0
configure:4988: result: yes
configure:4988: checking for memory.h
configure:4988: gcc -c  -DGRUB_MACHINE_PCBIOS=1 -O2  conftest.c >&5
configure:4988: $? = 0
configure:4988: result: yes
configure:4988: checking for strings.h
configure:4988: gcc -c  -DGRUB_MACHINE_PCBIOS=1 -O2  conftest.c >&5
configure:4988: $? = 0
configure:4988: result: yes
configure:4988: checking for inttypes.h
configure:4988: gcc -c  -DGRUB_MACHINE_PCBIOS=1 -O2  conftest.c >&5
configure:4988: $? = 0
configure:4988: result: yes
configure:4988: checking for stdint.h
configure:4988: gcc -c  -DGRUB_MACHINE_PCBIOS=1 -O2  conftest.c >&5
configure:4988: $? = 0
configure:4988: result: yes
configure:4988: checking for unistd.h
configure:4988: gcc -c  -DGRUB_MACHINE_PCBIOS=1 -O2  conftest.c >&5
configure:4988: $? = 0
configure:4988: result: yes
configure:5001: checking minix/config.h usability
configure:5001: gcc -c  -DGRUB_MACHINE_PCBIOS=1 -O2  conftest.c >&5
conftest.c:54:10: fatal error: minix/config.h: No such file or directory
 #include <minix/config.h>
          ^~~~~~~~~~~~~~~~
compilation terminated.
configure:5001: $? = 1
configure: failed program was:
| /* confdefs.h */
| #define PACKAGE_NAME "OSLG"
| #define PACKAGE_TARNAME "oslg"
| #define PACKAGE_VERSION "2.0-beta-src2"
| #define PACKAGE_STRING "OSLG 2.0-beta-src2"
| #define PACKAGE_BUGREPORT "frederickgvaldez@gmail.com"
| #define PACKAGE_URL ""
| #define PACKAGE "oslg"
| #define VERSION "2.0-beta-src2"
| #define STDC_HEADERS 1
| #define HAVE_SYS_TYPES_H 1
| #define HAVE_SYS_STAT_H 1
| #define HAVE_STDLIB_H 1
| #define HAVE_STRING_H 1
| #define HAVE_MEMORY_H 1
| #define HAVE_STRINGS_H 1
| #define HAVE_INTTYPES_H 1
| #define HAVE_STDINT_H 1
| #define HAVE_UNISTD_H 1
| /* end confdefs.h.  */
| #include <stdio.h>
| #ifdef HAVE_SYS_TYPES_H
| # include <sys/types.h>
| #endif
| #ifdef HAVE_SYS_STAT_H
| # include <sys/stat.h>
| #endif
| #ifdef STDC_HEADERS
| # include <stdlib.h>
| # include <stddef.h>
| #else
| # ifdef HAVE_STDLIB_H
| #  include <stdlib.h>
| # endif
| #endif
| #ifdef HAVE_STRING_H
| # if !defined STDC_HEADERS && defined HAVE_MEMORY_H
| #  include <memory.h>
| # endif
| # include <string.h>
| #endif
| #ifdef HAVE_STRINGS_H
| # include <strings.h>
| #endif
| #ifdef HAVE_INTTYPES_H
| # include <inttypes.h>
| #endif
| #ifdef HAVE_STDINT_H
| # include <stdint.h>
| #endif
| #ifdef HAVE_UNISTD_H
| # include <unistd.h>
| #endif
| #include <minix/config.h>
configure:5001: result: no
configure:5001: checking minix/config.h presence
configure:5001: gcc -E  conftest.c
conftest.c:21:10: fatal error: minix/config.h: No such file or directory
 #include <minix/config.h>
          ^~~~~~~~~~~~~~~~
compilation terminated.
configure:5001: $? = 1
configure: failed program was:
| /* confdefs.h */
| #define PACKAGE_NAME "OSLG"
| #define PACKAGE_TARNAME "oslg"
| #define PACKAGE_VERSION "2.0-beta-src2"
| #define PACKAGE_STRING "OSLG 2.0-beta-src2"
| #define PACKAGE_BUGREPORT "frederickgvaldez@gmail.com"
| #define PACKAGE_URL ""
| #define PACKAGE "oslg"
| #define VERSION "2.0-beta-src2"
| #define STDC_HEADERS 1
| #define HAVE_SYS_TYPES_H 1
| #define HAVE_SYS_STAT_H 1
| #define HAVE_STDLIB_H 1
| #define HAVE_STRING_H 1
| #define HAVE_MEMORY_H 1
| #define HAVE_STRINGS_H 1
| #define HAVE_INTTYPES_H 1
| #define HAVE_STDINT_H 1
| #define HAVE_UNISTD_H 1
| /* end confdefs.h.  */
| #include <minix/config.h>
configure:5001: result: no
configure:5001: checking for minix/config.h
configure:5001: result: no
configure:5022: checking whether it is safe to define __EXTENSIONS__
configure:5040: gcc -c  -DGRUB_MACHINE_PCBIOS=1 -O2  conftest.c >&5
configure:5040: $? = 0
configure:5047: result: yes
configure:5062: checking for a sed that does not truncate output
configure:5126: result: /bin/sed
configure:5132: checking whether NLS is requested
configure:5141: result: yes
configure:5181: checking for msgfmt
configure: trying /usr/bin/msgfmt...
0 translated messages.
configure:5213: result: /usr/bin/msgfmt
configure:5222: checking for gmsgfmt
configure:5253: result: /usr/bin/msgfmt
configure:5303: checking for xgettext
configure: trying /usr/bin/xgettext...
/usr/bin/xgettext: warning: file '/dev/null' extension '' is unknown; will try C
configure:5335: result: /usr/bin/xgettext
configure:5380: checking for msgmerge
configure: trying /usr/bin/msgmerge...
configure:5411: result: /usr/bin/msgmerge
configure:5469: checking for ld used by gcc
configure:5536: result: /usr/bin/ld
configure:5543: checking if the linker (/usr/bin/ld) is GNU ld
configure:5558: result: yes
configure:5565: checking for shared library run path origin
configure:5578: result: done
configure:6150: checking for CFPreferencesCopyAppValue
configure:6168: gcc -o conftest  -DGRUB_MACHINE_PCBIOS=1 -O2   conftest.c  -Wl,-framework -Wl,CoreFoundation >&5
conftest.c:26:10: fatal error: CoreFoundation/CFPreferences.h: No such file or directory
 #include <CoreFoundation/CFPreferences.h>
          ^~~~~~~~~~~~~~~~~~~~~~~~~~~~~~~~
compilation terminated.
configure:6168: $? = 1
configure: failed program was:
| /* confdefs.h */
| #define PACKAGE_NAME "OSLG"
| #define PACKAGE_TARNAME "oslg"
| #define PACKAGE_VERSION "2.0-beta-src2"
| #define PACKAGE_STRING "OSLG 2.0-beta-src2"
| #define PACKAGE_BUGREPORT "frederickgvaldez@gmail.com"
| #define PACKAGE_URL ""
| #define PACKAGE "oslg"
| #define VERSION "2.0-beta-src2"
| #define STDC_HEADERS 1
| #define HAVE_SYS_TYPES_H 1
| #define HAVE_SYS_STAT_H 1
| #define HAVE_STDLIB_H 1
| #define HAVE_STRING_H 1
| #define HAVE_MEMORY_H 1
| #define HAVE_STRINGS_H 1
| #define HAVE_INTTYPES_H 1
| #define HAVE_STDINT_H 1
| #define HAVE_UNISTD_H 1
| #define __EXTENSIONS__ 1
| #define _ALL_SOURCE 1
| #define _GNU_SOURCE 1
| #define _POSIX_PTHREAD_SEMANTICS 1
| #define _TANDEM_SOURCE 1
| /* end confdefs.h.  */
| #include <CoreFoundation/CFPreferences.h>
| int
| main (void)
| {
| CFPreferencesCopyAppValue(NULL, NULL)
|   ;
|   return 0;
| }
configure:6177: result: no
configure:6184: checking for CFLocaleCopyCurrent
configure:6202: gcc -o conftest  -DGRUB_MACHINE_PCBIOS=1 -O2   conftest.c  -Wl,-framework -Wl,CoreFoundation >&5
conftest.c:26:10: fatal error: CoreFoundation/CFLocale.h: No such file or directory
 #include <CoreFoundation/CFLocale.h>
          ^~~~~~~~~~~~~~~~~~~~~~~~~~~
compilation terminated.
configure:6202: $? = 1
configure: failed program was:
| /* confdefs.h */
| #define PACKAGE_NAME "OSLG"
| #define PACKAGE_TARNAME "oslg"
| #define PACKAGE_VERSION "2.0-beta-src2"
| #define PACKAGE_STRING "OSLG 2.0-beta-src2"
| #define PACKAGE_BUGREPORT "frederickgvaldez@gmail.com"
| #define PACKAGE_URL ""
| #define PACKAGE "oslg"
| #define VERSION "2.0-beta-src2"
| #define STDC_HEADERS 1
| #define HAVE_SYS_TYPES_H 1
| #define HAVE_SYS_STAT_H 1
| #define HAVE_STDLIB_H 1
| #define HAVE_STRING_H 1
| #define HAVE_MEMORY_H 1
| #define HAVE_STRINGS_H 1
| #define HAVE_INTTYPES_H 1
| #define HAVE_STDINT_H 1
| #define HAVE_UNISTD_H 1
| #define __EXTENSIONS__ 1
| #define _ALL_SOURCE 1
| #define _GNU_SOURCE 1
| #define _POSIX_PTHREAD_SEMANTICS 1
| #define _TANDEM_SOURCE 1
| /* end confdefs.h.  */
| #include <CoreFoundation/CFLocale.h>
| int
| main (void)
| {
| CFLocaleCopyCurrent();
|   ;
|   return 0;
| }
configure:6211: result: no
configure:6260: checking for GNU gettext in libc
configure:6289: gcc -o conftest  -DGRUB_MACHINE_PCBIOS=1 -O2   conftest.c  >&5
configure:6289: $? = 0
configure:6298: result: yes
configure:7145: checking whether to use NLS
configure:7147: result: yes
configure:7150: checking where the gettext function comes from
configure:7161: result: libc
configure:7225: checking for special C compiler options needed for large files
configure:7270: result: no
configure:7276: checking for _FILE_OFFSET_BITS value needed for large files
configure:7301: gcc -c  -DGRUB_MACHINE_PCBIOS=1 -O2  conftest.c >&5
conftest.c:34:41: warning: result of '-2147483648 << 31' requires 63 bits to represent, but 'long int' only has 32 bits [-Wshift-overflow=]
 #define LARGE_OFF_T ((((off_t) 1 << 31) << 31) - 1 + (((off_t) 1 << 31) << 31))
                                         ^
conftest.c:35:23: note: in expansion of macro 'LARGE_OFF_T'
   int off_t_is_large[(LARGE_OFF_T % 2147483629 == 721
                       ^~~~~~~~~~~
conftest.c:34:73: warning: result of '-2147483648 << 31' requires 63 bits to represent, but 'long int' only has 32 bits [-Wshift-overflow=]
 #define LARGE_OFF_T ((((off_t) 1 << 31) << 31) - 1 + (((off_t) 1 << 31) << 31))
                                                                         ^
conftest.c:35:23: note: in expansion of macro 'LARGE_OFF_T'
   int off_t_is_large[(LARGE_OFF_T % 2147483629 == 721
                       ^~~~~~~~~~~
conftest.c:34:41: warning: result of '-2147483648 << 31' requires 63 bits to represent, but 'long int' only has 32 bits [-Wshift-overflow=]
 #define LARGE_OFF_T ((((off_t) 1 << 31) << 31) - 1 + (((off_t) 1 << 31) << 31))
                                         ^
conftest.c:36:13: note: in expansion of macro 'LARGE_OFF_T'
          && LARGE_OFF_T % 2147483647 == 1)
             ^~~~~~~~~~~
conftest.c:34:73: warning: result of '-2147483648 << 31' requires 63 bits to represent, but 'long int' only has 32 bits [-Wshift-overflow=]
 #define LARGE_OFF_T ((((off_t) 1 << 31) << 31) - 1 + (((off_t) 1 << 31) << 31))
                                                                         ^
conftest.c:36:13: note: in expansion of macro 'LARGE_OFF_T'
          && LARGE_OFF_T % 2147483647 == 1)
             ^~~~~~~~~~~
conftest.c:35:7: error: variably modified 'off_t_is_large' at file scope
   int off_t_is_large[(LARGE_OFF_T % 2147483629 == 721
       ^~~~~~~~~~~~~~
configure:7301: $? = 1
configure: failed program was:
| /* confdefs.h */
| #define PACKAGE_NAME "OSLG"
| #define PACKAGE_TARNAME "oslg"
| #define PACKAGE_VERSION "2.0-beta-src2"
| #define PACKAGE_STRING "OSLG 2.0-beta-src2"
| #define PACKAGE_BUGREPORT "frederickgvaldez@gmail.com"
| #define PACKAGE_URL ""
| #define PACKAGE "oslg"
| #define VERSION "2.0-beta-src2"
| #define STDC_HEADERS 1
| #define HAVE_SYS_TYPES_H 1
| #define HAVE_SYS_STAT_H 1
| #define HAVE_STDLIB_H 1
| #define HAVE_STRING_H 1
| #define HAVE_MEMORY_H 1
| #define HAVE_STRINGS_H 1
| #define HAVE_INTTYPES_H 1
| #define HAVE_STDINT_H 1
| #define HAVE_UNISTD_H 1
| #define __EXTENSIONS__ 1
| #define _ALL_SOURCE 1
| #define _GNU_SOURCE 1
| #define _POSIX_PTHREAD_SEMANTICS 1
| #define _TANDEM_SOURCE 1
| #define ENABLE_NLS 1
| #define HAVE_GETTEXT 1
| #define HAVE_DCGETTEXT 1
| /* end confdefs.h.  */
| #include <sys/types.h>
|  /* Check that off_t can represent 2**63 - 1 correctly.
|     We can't simply define LARGE_OFF_T to be 9223372036854775807,
|     since some C++ compilers masquerading as C compilers
|     incorrectly reject 9223372036854775807.  */
| #define LARGE_OFF_T ((((off_t) 1 << 31) << 31) - 1 + (((off_t) 1 << 31) << 31))
|   int off_t_is_large[(LARGE_OFF_T % 2147483629 == 721
| 		       && LARGE_OFF_T % 2147483647 == 1)
| 		      ? 1 : -1];
| int
| main (void)
| {
| 
|   ;
|   return 0;
| }
configure:7325: gcc -c  -DGRUB_MACHINE_PCBIOS=1 -O2  conftest.c >&5
configure:7325: $? = 0
configure:7333: result: 64
configure:7420: checking whether byte ordering is bigendian
configure:7435: gcc -c  -DGRUB_MACHINE_PCBIOS=1 -O2  conftest.c >&5
conftest.c:31:9: error: unknown type name 'not'
         not a universal capable compiler
         ^~~
conftest.c:31:15: error: expected '=', ',', ';', 'asm' or '__attribute__' before 'universal'
         not a universal capable compiler
               ^~~~~~~~~
conftest.c:31:15: error: unknown type name 'universal'
configure:7435: $? = 1
configure: failed program was:
| /* confdefs.h */
| #define PACKAGE_NAME "OSLG"
| #define PACKAGE_TARNAME "oslg"
| #define PACKAGE_VERSION "2.0-beta-src2"
| #define PACKAGE_STRING "OSLG 2.0-beta-src2"
| #define PACKAGE_BUGREPORT "frederickgvaldez@gmail.com"
| #define PACKAGE_URL ""
| #define PACKAGE "oslg"
| #define VERSION "2.0-beta-src2"
| #define STDC_HEADERS 1
| #define HAVE_SYS_TYPES_H 1
| #define HAVE_SYS_STAT_H 1
| #define HAVE_STDLIB_H 1
| #define HAVE_STRING_H 1
| #define HAVE_MEMORY_H 1
| #define HAVE_STRINGS_H 1
| #define HAVE_INTTYPES_H 1
| #define HAVE_STDINT_H 1
| #define HAVE_UNISTD_H 1
| #define __EXTENSIONS__ 1
| #define _ALL_SOURCE 1
| #define _GNU_SOURCE 1
| #define _POSIX_PTHREAD_SEMANTICS 1
| #define _TANDEM_SOURCE 1
| #define ENABLE_NLS 1
| #define HAVE_GETTEXT 1
| #define HAVE_DCGETTEXT 1
| #define _FILE_OFFSET_BITS 64
| /* end confdefs.h.  */
| #ifndef __APPLE_CC__
| 	       not a universal capable compiler
| 	     #endif
| 	     typedef int dummy;
| 
configure:7480: gcc -c  -DGRUB_MACHINE_PCBIOS=1 -O2  conftest.c >&5
configure:7480: $? = 0
configure:7498: gcc -c  -DGRUB_MACHINE_PCBIOS=1 -O2  conftest.c >&5
conftest.c: In function 'main':
conftest.c:37:4: error: unknown type name 'not'; did you mean 'ino_t'?
    not big endian
    ^~~
    ino_t
conftest.c:37:12: error: expected '=', ',', ';', 'asm' or '__attribute__' before 'endian'
    not big endian
            ^~~~~~
configure:7498: $? = 1
configure: failed program was:
| /* confdefs.h */
| #define PACKAGE_NAME "OSLG"
| #define PACKAGE_TARNAME "oslg"
| #define PACKAGE_VERSION "2.0-beta-src2"
| #define PACKAGE_STRING "OSLG 2.0-beta-src2"
| #define PACKAGE_BUGREPORT "frederickgvaldez@gmail.com"
| #define PACKAGE_URL ""
| #define PACKAGE "oslg"
| #define VERSION "2.0-beta-src2"
| #define STDC_HEADERS 1
| #define HAVE_SYS_TYPES_H 1
| #define HAVE_SYS_STAT_H 1
| #define HAVE_STDLIB_H 1
| #define HAVE_STRING_H 1
| #define HAVE_MEMORY_H 1
| #define HAVE_STRINGS_H 1
| #define HAVE_INTTYPES_H 1
| #define HAVE_STDINT_H 1
| #define HAVE_UNISTD_H 1
| #define __EXTENSIONS__ 1
| #define _ALL_SOURCE 1
| #define _GNU_SOURCE 1
| #define _POSIX_PTHREAD_SEMANTICS 1
| #define _TANDEM_SOURCE 1
| #define ENABLE_NLS 1
| #define HAVE_GETTEXT 1
| #define HAVE_DCGETTEXT 1
| #define _FILE_OFFSET_BITS 64
| /* end confdefs.h.  */
| #include <sys/types.h>
| 		#include <sys/param.h>
| 
| int
| main (void)
| {
| #if BYTE_ORDER != BIG_ENDIAN
| 		 not big endian
| 		#endif
| 
|   ;
|   return 0;
| }
configure:7626: result: no
configure:7648: checking size of void *
configure:7653: gcc -o conftest  -DGRUB_MACHINE_PCBIOS=1 -O2   conftest.c  >&5
configure:7653: $? = 0
configure:7653: ./conftest
configure:7653: $? = 0
configure:7667: result: 4
configure:7681: checking size of long
configure:7686: gcc -o conftest  -DGRUB_MACHINE_PCBIOS=1 -O2   conftest.c  >&5
configure:7686: $? = 0
configure:7686: ./conftest
configure:7686: $? = 0
configure:7700: result: 4
configure:7712: checking whether our compiler is apple cc
configure:7726: result: no
configure:7735: checking for help2man
configure:7768: result: no
configure:7778: checking for posix_memalign
configure:7778: gcc -o conftest  -DGRUB_MACHINE_PCBIOS=1 -O2   conftest.c  >&5
conftest.c:55:6: warning: conflicting types for built-in function 'posix_memalign' [-Wbuiltin-declaration-mismatch]
 char posix_memalign ();
      ^~~~~~~~~~~~~~
configure:7778: $? = 0
configure:7778: result: yes
configure:7778: checking for memalign
configure:7778: gcc -o conftest  -DGRUB_MACHINE_PCBIOS=1 -O2   conftest.c  >&5
configure:7778: $? = 0
configure:7778: result: yes
configure:7778: checking for asprintf
configure:7778: gcc -o conftest  -DGRUB_MACHINE_PCBIOS=1 -O2   conftest.c  >&5
configure:7778: $? = 0
configure:7778: result: yes
configure:7778: checking for vasprintf
configure:7778: gcc -o conftest  -DGRUB_MACHINE_PCBIOS=1 -O2   conftest.c  >&5
configure:7778: $? = 0
configure:7778: result: yes
configure:7789: checking whether sys/types.h defines makedev
configure:7805: gcc -o conftest  -DGRUB_MACHINE_PCBIOS=1 -O2   conftest.c  >&5
conftest.c: In function 'main':
conftest.c:40:13: warning: In the GNU C Library, "makedev" is defined
 by <sys/sysmacros.h>. For historical compatibility, it is
 currently defined by <sys/types.h> as well, but we plan to
 remove this soon. To use "makedev", include <sys/sysmacros.h>
 directly. If you did not intend to use a system-defined macro
 "makedev", you should undefine it after including <sys/types.h>.
 return makedev(0, 0);
             ^~~~~~~~~                                                                                                                                                                                                                                                                                                                                                                     
configure:7805: $? = 0
configure:7814: result: yes
configure:7842: checking for dirent.h that defines DIR
configure:7861: gcc -c  -DGRUB_MACHINE_PCBIOS=1 -O2  conftest.c >&5
configure:7861: $? = 0
configure:7869: result: yes
configure:7882: checking for library containing opendir
configure:7913: gcc -o conftest  -DGRUB_MACHINE_PCBIOS=1 -O2   conftest.c  >&5
configure:7913: $? = 0
configure:7930: result: none required
configure:8000: checking for memmove
configure:8000: gcc -o conftest  -DGRUB_MACHINE_PCBIOS=1 -O2   conftest.c  >&5
conftest.c:60:6: warning: conflicting types for built-in function 'memmove' [-Wbuiltin-declaration-mismatch]
 char memmove ();
      ^~~~~~~
configure:8000: $? = 0
configure:8000: result: yes
configure:8000: checking for sbrk
configure:8000: gcc -o conftest  -DGRUB_MACHINE_PCBIOS=1 -O2   conftest.c  >&5
configure:8000: $? = 0
configure:8000: result: yes
configure:8000: checking for strdup
configure:8000: gcc -o conftest  -DGRUB_MACHINE_PCBIOS=1 -O2   conftest.c  >&5
conftest.c:62:6: warning: conflicting types for built-in function 'strdup' [-Wbuiltin-declaration-mismatch]
 char strdup ();
      ^~~~~~
configure:8000: $? = 0
configure:8000: result: yes
configure:8000: checking for lstat
configure:8000: gcc -o conftest  -DGRUB_MACHINE_PCBIOS=1 -O2   conftest.c  >&5
configure:8000: $? = 0
configure:8000: result: yes
configure:8000: checking for getuid
configure:8000: gcc -o conftest  -DGRUB_MACHINE_PCBIOS=1 -O2   conftest.c  >&5
configure:8000: $? = 0
configure:8000: result: yes
configure:8000: checking for getgid
configure:8000: gcc -o conftest  -DGRUB_MACHINE_PCBIOS=1 -O2   conftest.c  >&5
configure:8000: $? = 0
configure:8000: result: yes
configure:8012: checking sys/mkdev.h usability
configure:8012: gcc -c  -DGRUB_MACHINE_PCBIOS=1 -O2  conftest.c >&5
conftest.c:76:10: fatal error: sys/mkdev.h: No such file or directory
 #include <sys/mkdev.h>
          ^~~~~~~~~~~~~
compilation terminated.
configure:8012: $? = 1
configure: failed program was:
| /* confdefs.h */
| #define PACKAGE_NAME "OSLG"
| #define PACKAGE_TARNAME "oslg"
| #define PACKAGE_VERSION "2.0-beta-src2"
| #define PACKAGE_STRING "OSLG 2.0-beta-src2"
| #define PACKAGE_BUGREPORT "frederickgvaldez@gmail.com"
| #define PACKAGE_URL ""
| #define PACKAGE "oslg"
| #define VERSION "2.0-beta-src2"
| #define STDC_HEADERS 1
| #define HAVE_SYS_TYPES_H 1
| #define HAVE_SYS_STAT_H 1
| #define HAVE_STDLIB_H 1
| #define HAVE_STRING_H 1
| #define HAVE_MEMORY_H 1
| #define HAVE_STRINGS_H 1
| #define HAVE_INTTYPES_H 1
| #define HAVE_STDINT_H 1
| #define HAVE_UNISTD_H 1
| #define __EXTENSIONS__ 1
| #define _ALL_SOURCE 1
| #define _GNU_SOURCE 1
| #define _POSIX_PTHREAD_SEMANTICS 1
| #define _TANDEM_SOURCE 1
| #define ENABLE_NLS 1
| #define HAVE_GETTEXT 1
| #define HAVE_DCGETTEXT 1
| #define _FILE_OFFSET_BITS 64
| #define SIZEOF_VOID_P 4
| #define SIZEOF_LONG 4
| #define HAVE_POSIX_MEMALIGN 1
| #define HAVE_MEMALIGN 1
| #define HAVE_ASPRINTF 1
| #define HAVE_VASPRINTF 1
| #define HAVE_DIRENT_H 1
| #define HAVE_MEMMOVE 1
| #define HAVE_SBRK 1
| #define HAVE_STRDUP 1
| #define HAVE_LSTAT 1
| #define HAVE_GETUID 1
| #define HAVE_GETGID 1
| /* end confdefs.h.  */
| #include <stdio.h>
| #ifdef HAVE_SYS_TYPES_H
| # include <sys/types.h>
| #endif
| #ifdef HAVE_SYS_STAT_H
| # include <sys/stat.h>
| #endif
| #ifdef STDC_HEADERS
| # include <stdlib.h>
| # include <stddef.h>
| #else
| # ifdef HAVE_STDLIB_H
| #  include <stdlib.h>
| # endif
| #endif
| #ifdef HAVE_STRING_H
| # if !defined STDC_HEADERS && defined HAVE_MEMORY_H
| #  include <memory.h>
| # endif
| # include <string.h>
| #endif
| #ifdef HAVE_STRINGS_H
| # include <strings.h>
| #endif
| #ifdef HAVE_INTTYPES_H
| # include <inttypes.h>
| #endif
| #ifdef HAVE_STDINT_H
| # include <stdint.h>
| #endif
| #ifdef HAVE_UNISTD_H
| # include <unistd.h>
| #endif
| #include <sys/mkdev.h>
configure:8012: result: no
configure:8012: checking sys/mkdev.h presence
configure:8012: gcc -E  conftest.c
conftest.c:43:10: fatal error: sys/mkdev.h: No such file or directory
 #include <sys/mkdev.h>
          ^~~~~~~~~~~~~
compilation terminated.
configure:8012: $? = 1
configure: failed program was:
| /* confdefs.h */
| #define PACKAGE_NAME "OSLG"
| #define PACKAGE_TARNAME "oslg"
| #define PACKAGE_VERSION "2.0-beta-src2"
| #define PACKAGE_STRING "OSLG 2.0-beta-src2"
| #define PACKAGE_BUGREPORT "frederickgvaldez@gmail.com"
| #define PACKAGE_URL ""
| #define PACKAGE "oslg"
| #define VERSION "2.0-beta-src2"
| #define STDC_HEADERS 1
| #define HAVE_SYS_TYPES_H 1
| #define HAVE_SYS_STAT_H 1
| #define HAVE_STDLIB_H 1
| #define HAVE_STRING_H 1
| #define HAVE_MEMORY_H 1
| #define HAVE_STRINGS_H 1
| #define HAVE_INTTYPES_H 1
| #define HAVE_STDINT_H 1
| #define HAVE_UNISTD_H 1
| #define __EXTENSIONS__ 1
| #define _ALL_SOURCE 1
| #define _GNU_SOURCE 1
| #define _POSIX_PTHREAD_SEMANTICS 1
| #define _TANDEM_SOURCE 1
| #define ENABLE_NLS 1
| #define HAVE_GETTEXT 1
| #define HAVE_DCGETTEXT 1
| #define _FILE_OFFSET_BITS 64
| #define SIZEOF_VOID_P 4
| #define SIZEOF_LONG 4
| #define HAVE_POSIX_MEMALIGN 1
| #define HAVE_MEMALIGN 1
| #define HAVE_ASPRINTF 1
| #define HAVE_VASPRINTF 1
| #define HAVE_DIRENT_H 1
| #define HAVE_MEMMOVE 1
| #define HAVE_SBRK 1
| #define HAVE_STRDUP 1
| #define HAVE_LSTAT 1
| #define HAVE_GETUID 1
| #define HAVE_GETGID 1
| /* end confdefs.h.  */
| #include <sys/mkdev.h>
configure:8012: result: no
configure:8012: checking for sys/mkdev.h
configure:8012: result: no
configure:8012: checking sys/sysmacros.h usability
configure:8012: gcc -c  -DGRUB_MACHINE_PCBIOS=1 -O2  conftest.c >&5
configure:8012: $? = 0
configure:8012: result: yes
configure:8012: checking sys/sysmacros.h presence
configure:8012: gcc -E  conftest.c
configure:8012: $? = 0
configure:8012: result: yes
configure:8012: checking for sys/sysmacros.h
configure:8012: result: yes
configure:8012: checking malloc.h usability
configure:8012: gcc -c  -DGRUB_MACHINE_PCBIOS=1 -O2  conftest.c >&5
configure:8012: $? = 0
configure:8012: result: yes
configure:8012: checking malloc.h presence
configure:8012: gcc -E  conftest.c
configure:8012: $? = 0
configure:8012: result: yes
configure:8012: checking for malloc.h
configure:8012: result: yes
configure:8012: checking termios.h usability
configure:8012: gcc -c  -DGRUB_MACHINE_PCBIOS=1 -O2  conftest.c >&5
configure:8012: $? = 0
configure:8012: result: yes
configure:8012: checking termios.h presence
configure:8012: gcc -E  conftest.c
configure:8012: $? = 0
configure:8012: result: yes
configure:8012: checking for termios.h
configure:8012: result: yes
configure:8012: checking for sys/types.h
configure:8012: result: yes
configure:8025: checking for unistd.h
configure:8025: result: yes
configure:8025: checking for string.h
configure:8025: result: yes
configure:8025: checking for strings.h
configure:8025: result: yes
configure:8025: checking for sys/stat.h
configure:8025: result: yes
configure:8025: checking sys/fcntl.h usability
configure:8025: gcc -c  -DGRUB_MACHINE_PCBIOS=1 -O2  conftest.c >&5
configure:8025: $? = 0
configure:8025: result: yes
configure:8025: checking sys/fcntl.h presence
configure:8025: gcc -E  conftest.c
configure:8025: $? = 0
configure:8025: result: yes
configure:8025: checking for sys/fcntl.h
configure:8025: result: yes
configure:8025: checking limits.h usability
configure:8025: gcc -c  -DGRUB_MACHINE_PCBIOS=1 -O2  conftest.c >&5
configure:8025: $? = 0
configure:8025: result: yes
configure:8025: checking limits.h presence
configure:8025: gcc -E  conftest.c
configure:8025: $? = 0
configure:8025: result: yes
configure:8025: checking for limits.h
configure:8025: result: yes
configure:8036: checking for library containing nanosleep
configure:8067: gcc -o conftest  -DGRUB_MACHINE_PCBIOS=1 -O2   conftest.c  >&5
configure:8067: $? = 0
configure:8084: result: none required
configure:8092: checking for library containing getopt_long
configure:8123: gcc -o conftest  -DGRUB_MACHINE_PCBIOS=1 -O2   conftest.c  >&5
configure:8123: $? = 0
configure:8140: result: none required
configure:8287: checking whether -falign-loops works
configure:8305: gcc -c  -Os -falign-loops=1  conftest.c >&5
configure:8305: $? = 0
configure:8313: result: yes
configure:8331: checking whether -fno-dwarf2-cfi-asm works
configure:8350: gcc -c  -Os -falign-loops=1 -fno-dwarf2-cfi-asm  conftest.c >&5
configure:8350: $? = 0
configure:8359: result: yes
configure:8369: checking whether our target compiler is apple cc
configure:8383: result: no
configure:8399: checking for command to convert module to ELF format
configure:8406: result: 
configure:8514: checking whether `gcc' has `-fPIE' as default
configure:8533: result: yes
configure:8553: checking whether `gcc' accepts `-fstack-protector'
configure:8563: result: yes
configure:8581: checking whether `gcc' accepts `-mstack-arg-probe'
configure:8588: result: yes
configure:8605: checking if returns_twice attribute is supported
configure:8621: gcc  -Os -falign-loops=1 -c -Werror conftest.c
conftest.c:1:1: error: 'return_twice' attribute directive ignored [-Werror=attributes]
 int func (void) __attribute__ ((return_twice));
 ^~~
cc1: all warnings being treated as errors
configure:8624: $? = 1
configure:8643: result: no
configure:8664: checking whether linker accepts --defsym
configure:8682: gcc -o conftest  -Os -falign-loops=1   -Wl,--defsym,__main=0x8100 conftest.c  >&5
configure:8682: $? = 0
configure:8693: result: yes
configure:8704: checking whether target compiler is working
configure:8723: gcc -o conftest  -Os -Wall -W -Wshadow -Wpointer-arith -Wmissing-prototypes                -Wundef -Wstrict-prototypes -g -falign-jumps=1 -falign-loops=1 -falign-functions=1 -mno-mmx -mno-sse -mno-sse2 -mno-3dnow -fno-dwarf2-cfi-asm -DGRUB_MACHINE_PCBIOS=1 -m32 -fno-PIE -fno-stack-protector -mno-stack-arg-probe -Werror -nostdlib -Wl,--defsym,___main=0x8100   conftest.c  >&5
configure:8723: $? = 0
configure:8733: result: yes
configure:8740: checking whether linker accepts --build-id=none
configure:8758: gcc -o conftest  -Os -Wall -W -Wshadow -Wpointer-arith -Wmissing-prototypes                -Wundef -Wstrict-prototypes -g -falign-jumps=1 -falign-loops=1 -falign-functions=1 -mno-mmx -mno-sse -mno-sse2 -mno-3dnow -fno-dwarf2-cfi-asm -DGRUB_MACHINE_PCBIOS=1 -m32 -fno-PIE -fno-stack-protector -mno-stack-arg-probe -Werror -nostdlib -Wl,--defsym,___main=0x8100   -Wl,--build-id=none conftest.c  >&5
/usr/bin/ld: warning: cannot find entry symbol _start; defaulting to 000000000000017c
configure:8758: $? = 0
configure:8769: result: yes
configure:8777: checking if C symbols get an underscore after compilation
configure:8793: gcc  -Os -Wall -W -Wshadow -Wpointer-arith -Wmissing-prototypes                -Wundef -Wstrict-prototypes -g -falign-jumps=1 -falign-loops=1 -falign-functions=1 -mno-mmx -mno-sse -mno-sse2 -mno-3dnow -fno-dwarf2-cfi-asm -DGRUB_MACHINE_PCBIOS=1 -m32 -fno-PIE -fno-stack-protector -mno-stack-arg-probe -Werror -nostdlib -Wl,--defsym,___main=0x8100 -S conftest.c
configure:8796: $? = 0
configure:8821: result: no
configure:8831: checking whether addr32 must be in the same line as the instruction
configure:8842: gcc  -Os -Wall -W -Wshadow -Wpointer-arith -Wmissing-prototypes                -Wundef -Wstrict-prototypes -g -falign-jumps=1 -falign-loops=1 -falign-functions=1 -mno-mmx -mno-sse -mno-sse2 -mno-3dnow -fno-dwarf2-cfi-asm -DGRUB_MACHINE_PCBIOS=1 -m32 -fno-PIE -fno-stack-protector -mno-stack-arg-probe -Werror -c conftest.s
configure:8845: $? = 0
configure:8875: result: yes
configure:8879: checking for .code16 addr32 assembler support
configure:8896: gcc  -Os -Wall -W -Wshadow -Wpointer-arith -Wmissing-prototypes                -Wundef -Wstrict-prototypes -g -falign-jumps=1 -falign-loops=1 -falign-functions=1 -mno-mmx -mno-sse -mno-sse2 -mno-3dnow -fno-dwarf2-cfi-asm -DGRUB_MACHINE_PCBIOS=1 -m32 -fno-PIE -fno-stack-protector -mno-stack-arg-probe -Werror -c conftest.s
configure:8899: $? = 0
configure:8910: result: yes
configure:8913: checking whether an absolute indirect call/jump must not be prefixed with an asterisk
configure:8926: gcc  -Os -Wall -W -Wshadow -Wpointer-arith -Wmissing-prototypes                -Wundef -Wstrict-prototypes -g -falign-jumps=1 -falign-loops=1 -falign-functions=1 -mno-mmx -mno-sse -mno-sse2 -mno-3dnow -fno-dwarf2-cfi-asm -DGRUB_MACHINE_PCBIOS=1 -m32 -fno-PIE -fno-stack-protector -mno-stack-arg-probe -Werror -c conftest.s
configure:8929: $? = 0
configure:8946: result: no
configure:8967: checking whether options required for efiemu work
configure:8985: gcc -c  -Os -Wall -W -Wshadow -Wpointer-arith -Wmissing-prototypes                -Wundef -Wstrict-prototypes -g -falign-jumps=1 -falign-loops=1 -falign-functions=1 -mno-mmx -mno-sse -mno-sse2 -mno-3dnow -fno-dwarf2-cfi-asm -DGRUB_MACHINE_PCBIOS=1 -m32 -fno-PIE -fno-stack-protector -mno-stack-arg-probe -Werror -m64 -mcmodel=large -mno-red-zone -nostdlib  conftest.c >&5
configure:8985: $? = 0
configure:8993: result: yes
configure:9009: checking whether -nostdinc -isystem works
configure:9029: gcc -c  -Os -Wall -W -Wshadow -Wpointer-arith -Wmissing-prototypes                -Wundef -Wstrict-prototypes -g -falign-jumps=1 -falign-loops=1 -falign-functions=1 -mno-mmx -mno-sse -mno-sse2 -mno-3dnow -fno-dwarf2-cfi-asm -DGRUB_MACHINE_PCBIOS=1 -m32 -fno-PIE -fno-stack-protector -mno-stack-arg-probe -Werror -m64 -mcmodel=large -mno-red-zone -nostdlib  -nostdinc -isystem /usr/lib/gcc/i686-linux-gnu/7/include conftest.c >&5
configure:9029: $? = 0
configure:9038: result: yes
configure:9490: checking for freetype-config
configure:9506: found /usr/bin/freetype-config
configure:9517: result: freetype-config
configure:9541: checking ft2build.h usability
configure:9541: gcc -c  -DGRUB_MACHINE_PCBIOS=1 -O2  -I/usr/include/freetype2 -I/usr/include/libpng16 conftest.c >&5
configure:9541: $? = 0
configure:9541: result: yes
configure:9541: checking ft2build.h presence
configure:9541: gcc -E  -I/usr/include/freetype2 -I/usr/include/libpng16 conftest.c
configure:9541: $? = 0
configure:9541: result: yes
configure:9541: checking for ft2build.h
configure:9541: result: yes
configure:9572: checking whether ln can handle directories properly
configure:9580: result: yes
configure:9719: checking that generated files are newer than configure
configure:9725: result: done
configure:9749: creating ./config.status

## ---------------------- ##
## Running config.status. ##
## ---------------------- ##

This file was extended by OSLG config.status 2.0-beta-src2, which was
generated by GNU Autoconf 2.69.  Invocation command line was

  CONFIG_FILES    = 
  CONFIG_HEADERS  = 
  CONFIG_LINKS    = 
  CONFIG_COMMANDS = 
  $ ./config.status 

on gateway-E4300

config.status:973: creating Makefile
config.status:973: creating gensymlist.sh
config.status:973: creating genkernsyms.sh
config.status:973: creating stamp-h
config.status:973: creating config.h
config.status:1214: linking include/grub/i386 to include/grub/cpu
config.status:1214: linking include/grub/i386/pc to include/grub/machine
config.status:1233: executing depfiles commands
config.status:1233: executing po-directories commands

## ---------------- ##
## Cache variables. ##
## ---------------- ##

ac_cv_build=i686-pc-linux-gnu
ac_cv_c_bigendian=no
ac_cv_c_compiler_gnu=yes
ac_cv_env_CC_set=
ac_cv_env_CC_value=
ac_cv_env_CFLAGS_set=
ac_cv_env_CFLAGS_value=
ac_cv_env_CPPFLAGS_set=
ac_cv_env_CPPFLAGS_value=
ac_cv_env_CPP_set=
ac_cv_env_CPP_value=
ac_cv_env_LDFLAGS_set=
ac_cv_env_LDFLAGS_value=
ac_cv_env_LIBS_set=
ac_cv_env_LIBS_value=
ac_cv_env_build_alias_set=
ac_cv_env_build_alias_value=
ac_cv_env_host_alias_set=
ac_cv_env_host_alias_value=
ac_cv_env_target_alias_set=
ac_cv_env_target_alias_value=
ac_cv_func_asprintf=yes
ac_cv_func_getgid=yes
ac_cv_func_getuid=yes
ac_cv_func_lstat=yes
ac_cv_func_memalign=yes
ac_cv_func_memmove=yes
ac_cv_func_posix_memalign=yes
ac_cv_func_sbrk=yes
ac_cv_func_strdup=yes
ac_cv_func_vasprintf=yes
ac_cv_header_dirent_dirent_h=yes
ac_cv_header_ft2build_h=yes
ac_cv_header_inttypes_h=yes
ac_cv_header_limits_h=yes
ac_cv_header_malloc_h=yes
ac_cv_header_memory_h=yes
ac_cv_header_minix_config_h=no
ac_cv_header_stdc=yes
ac_cv_header_stdint_h=yes
ac_cv_header_stdlib_h=yes
ac_cv_header_string_h=yes
ac_cv_header_strings_h=yes
ac_cv_header_sys_fcntl_h=yes
ac_cv_header_sys_mkdev_h=no
ac_cv_header_sys_stat_h=yes
ac_cv_header_sys_sysmacros_h=yes
ac_cv_header_sys_types_h=yes
ac_cv_header_sys_types_h_makedev=yes
ac_cv_header_termios_h=yes
ac_cv_header_unistd_h=yes
ac_cv_host=i686-pc-linux-gnu
ac_cv_objext=o
ac_cv_path_EGREP='/bin/grep -E'
ac_cv_path_GMSGFMT=/usr/bin/msgfmt
ac_cv_path_GREP=/bin/grep
ac_cv_path_MSGFMT=/usr/bin/msgfmt
ac_cv_path_MSGMERGE=/usr/bin/msgmerge
ac_cv_path_RUBY=/usr/bin/ruby
ac_cv_path_SED=/bin/sed
ac_cv_path_XGETTEXT=/usr/bin/xgettext
ac_cv_path_install='/usr/bin/install -c'
ac_cv_path_mkdir=/bin/mkdir
ac_cv_prog_AWK=mawk
ac_cv_prog_CMP=cmp
ac_cv_prog_CPP='gcc -E'
ac_cv_prog_FREETYPE=freetype-config
ac_cv_prog_YACC=bison
ac_cv_prog_ac_ct_CC=gcc
ac_cv_prog_cc_c89=
ac_cv_prog_cc_g=yes
ac_cv_prog_make_make_set=yes
ac_cv_safe_to_define___extensions__=yes
ac_cv_search_getopt_long='none required'
ac_cv_search_nanosleep='none required'
ac_cv_search_opendir='none required'
ac_cv_sizeof_long=4
ac_cv_sizeof_void_p=4
ac_cv_sys_file_offset_bits=64
ac_cv_sys_largefile_CC=no
ac_cv_target=i686-pc-linux-gnu
acl_cv_hardcode_direct=no
acl_cv_hardcode_libdir_flag_spec='${wl}-rpath ${wl}$libdir'
acl_cv_hardcode_libdir_separator=
acl_cv_hardcode_minus_L=no
acl_cv_libext=a
acl_cv_libname_spec='lib$name'
acl_cv_library_names_spec='$libname$shrext'
acl_cv_path_LD=/usr/bin/ld
acl_cv_prog_gnu_ld=yes
acl_cv_rpath=done
acl_cv_shlibext=so
acl_cv_wl=-Wl,
am_cv_CC_dependencies_compiler_type=none
am_cv_make_support_nested_variables=yes
am_cv_prog_cc_c_o=yes
grub_cv_apple_cc=no
grub_cv_apple_target_cc=no
grub_cv_asm_uscore=no
grub_cv_cc_efiemu=yes
grub_cv_cc_falign_loop=yes
grub_cv_cc_fno_dwarf2_cfi_asm=yes
grub_cv_cc_isystem=yes
grub_cv_i386_asm_absolute_without_asterisk=no
grub_cv_i386_asm_addr32=yes
grub_cv_i386_asm_prefix_requirement=yes
grub_cv_prog_ld_build_id_none=yes
grub_cv_prog_ld_defsym=yes
grub_cv_prog_target_cc=yes
grub_cv_returns_twice=no
gt_cv_func_CFLocaleCopyCurrent=no
gt_cv_func_CFPreferencesCopyAppValue=no
gt_cv_func_gnugettext1_libc=yes

## ----------------- ##
## Output variables. ##
## ----------------- ##

ACLOCAL='${SHELL} /home/gateway/Descargas/oslg-2.0-beta-src2/oslg/missing aclocal-1.15'
AMDEPBACKSLASH='\'
AMDEP_FALSE='#'
AMDEP_TRUE=''
AMTAR='$${TAR-tar}'
AM_BACKSLASH='\'
AM_DEFAULT_V='$(AM_DEFAULT_VERBOSITY)'
AM_DEFAULT_VERBOSITY='1'
AM_V='$(V)'
AS=''
ASFLAGS=''
AUTOCONF='${SHELL} /home/gateway/Descargas/oslg-2.0-beta-src2/oslg/missing autoconf'
AUTOHEADER='${SHELL} /home/gateway/Descargas/oslg-2.0-beta-src2/oslg/missing autoheader'
AUTOMAKE='${SHELL} /home/gateway/Descargas/oslg-2.0-beta-src2/oslg/missing automake-1.15'
AWK='mawk'
CC='gcc'
CCDEPMODE='depmode=none'
CFLAGS=' -DGRUB_MACHINE_PCBIOS=1 -O2'
CMP='cmp'
CPP='gcc -E'
CPPFLAGS=''
CYGPATH_W='echo'
DEFS='-DHAVE_CONFIG_H'
DEPDIR='.deps'
ECHO_C=''
ECHO_N='-n'
ECHO_T=''
EGREP='/bin/grep -E'
EXEEXT=''
FONT_SOURCE=''
FREETYPE='freetype-config'
GETTEXT_MACRO_VERSION='0.19'
GMSGFMT='/usr/bin/msgfmt'
GMSGFMT_015='/usr/bin/msgfmt'
GREP='/bin/grep'
HELP2MAN=''
INCSDL=''
INSTALL_DATA='${INSTALL} -m 644'
INSTALL_PROGRAM='${INSTALL}'
INSTALL_SCRIPT='${INSTALL}'
INSTALL_STRIP_PROGRAM='$(install_sh) -c -s'
INTLLIBS=''
INTL_MACOSX_LIBS=''
LDFLAGS='  '
LIBCURSES=''
LIBICONV='-liconv'
LIBINTL=''
LIBOBJS=''
LIBPCIACCESS=''
LIBS=''
LIBSDL=''
LIBUSB=''
LTLIBICONV='-liconv'
LTLIBINTL=''
LTLIBOBJS=''
MAKEINFO=''
MKDIR_P='/bin/mkdir -p'
MSGFMT='/usr/bin/msgfmt'
MSGFMT_015='/usr/bin/msgfmt'
MSGMERGE='/usr/bin/msgmerge'
OBJEXT='o'
PACKAGE='oslg'
PACKAGE_BUGREPORT='frederickgvaldez@gmail.com'
PACKAGE_NAME='OSLG'
PACKAGE_STRING='OSLG 2.0-beta-src2'
PACKAGE_TARNAME='oslg'
PACKAGE_URL=''
PACKAGE_VERSION='2.0-beta-src2'
PATH_SEPARATOR=':'
POSUB='po'
RUBY='/usr/bin/ruby'
SED='/bin/sed'
SET_MAKE=''
SHELL='/bin/bash'
STRIP=''
TARGET_APPLE_CC='0'
TARGET_ASFLAGS=' -DGRUB_MACHINE_PCBIOS=1 -m32'
TARGET_CC='gcc'
TARGET_CFLAGS=' -Os -Wall -W -Wshadow -Wpointer-arith -Wmissing-prototypes                -Wundef -Wstrict-prototypes -g -falign-jumps=1 -falign-loops=1 -falign-functions=1 -mno-mmx -mno-sse -mno-sse2 -mno-3dnow -fno-dwarf2-cfi-asm -DGRUB_MACHINE_PCBIOS=1 -m32 -fno-PIE -fno-stack-protector -mno-stack-arg-probe -Werror'
TARGET_CPPFLAGS=' -nostdinc -isystem /usr/lib/gcc/i686-linux-gnu/7/include'
TARGET_IMG_CFLAGS=''
TARGET_IMG_LDFLAGS=''
TARGET_IMG_LDSCRIPT=''
TARGET_LDFLAGS=' -m32 -Wl,--build-id=none'
TARGET_OBJ2ELF=''
USE_NLS='yes'
VERSION='2.0-beta-src2'
XGETTEXT='/usr/bin/xgettext'
XGETTEXT_015='/usr/bin/xgettext'
XGETTEXT_EXTRA_OPTIONS=''
YACC='bison'
ac_ct_CC='gcc'
ac_ct_TARGET_CC=''
am__EXEEXT_FALSE=''
am__EXEEXT_TRUE='#'
am__fastdepCC_FALSE=''
am__fastdepCC_TRUE='#'
am__include='include'
am__isrc=''
am__leading_dot='.'
am__nodep='_no'
am__quote=''
am__tar='$${TAR-tar} chof - "$$tardir"'
am__untar='$${TAR-tar} xf -'
bindir='${exec_prefix}/bin'
build='i686-pc-linux-gnu'
build_alias=''
build_cpu='i686'
build_os='linux-gnu'
build_vendor='pc'
datadir='${datarootdir}'
datarootdir='${prefix}/share'
docdir='${datarootdir}/doc/${PACKAGE_TARNAME}'
dvidir='${docdir}'
enable_efiemu='yes'
enable_grub_emu_pci=''
enable_grub_emu_sdl=''
enable_grub_emu_usb=''
enable_grub_fstest='yes'
enable_grub_mkfont='yes'
exec_prefix='${prefix}'
freetype_cflags='-I/usr/include/freetype2 -I/usr/include/libpng16'
freetype_libs='-lfreetype'
host='i686-pc-linux-gnu'
host_alias=''
host_cpu='i686'
host_kernel='linux'
host_os='linux-gnu'
host_vendor='pc'
htmldir='${docdir}'
includedir='${prefix}/include'
infodir='${datarootdir}/info'
install_sh='${SHELL} /home/gateway/Descargas/oslg-2.0-beta-src2/oslg/install-sh'
libdir='${exec_prefix}/lib'
libexecdir='${exec_prefix}/libexec'
localedir='${datarootdir}/locale'
localstatedir='${prefix}/var'
mandir='${datarootdir}/man'
mkdir_p='$(MKDIR_P)'
oldincludedir='/usr/include'
pdfdir='${docdir}'
platform='pc'
prefix='/usr/local'
program_transform_name='s,x,x,'
psdir='${docdir}'
runstatedir='${localstatedir}/run'
sbindir='${exec_prefix}/sbin'
sharedstatedir='${prefix}/com'
shell=''
sysconfdir='${prefix}/etc'
target='i686-pc-linux-gnu'
target_alias=''
target_cpu='i386'
target_os='linux-gnu'
target_vendor='pc'

## ----------- ##
## confdefs.h. ##
## ----------- ##

/* confdefs.h */
#define PACKAGE_NAME "OSLG"
#define PACKAGE_TARNAME "oslg"
#define PACKAGE_VERSION "2.0-beta-src2"
#define PACKAGE_STRING "OSLG 2.0-beta-src2"
#define PACKAGE_BUGREPORT "frederickgvaldez@gmail.com"
#define PACKAGE_URL ""
#define PACKAGE "oslg"
#define VERSION "2.0-beta-src2"
#define STDC_HEADERS 1
#define HAVE_SYS_TYPES_H 1
#define HAVE_SYS_STAT_H 1
#define HAVE_STDLIB_H 1
#define HAVE_STRING_H 1
#define HAVE_MEMORY_H 1
#define HAVE_STRINGS_H 1
#define HAVE_INTTYPES_H 1
#define HAVE_STDINT_H 1
#define HAVE_UNISTD_H 1
#define __EXTENSIONS__ 1
#define _ALL_SOURCE 1
#define _GNU_SOURCE 1
#define _POSIX_PTHREAD_SEMANTICS 1
#define _TANDEM_SOURCE 1
#define ENABLE_NLS 1
#define HAVE_GETTEXT 1
#define HAVE_DCGETTEXT 1
#define _FILE_OFFSET_BITS 64
#define SIZEOF_VOID_P 4
#define SIZEOF_LONG 4
#define HAVE_POSIX_MEMALIGN 1
#define HAVE_MEMALIGN 1
#define HAVE_ASPRINTF 1
#define HAVE_VASPRINTF 1
#define HAVE_DIRENT_H 1
#define HAVE_MEMMOVE 1
#define HAVE_SBRK 1
#define HAVE_STRDUP 1
#define HAVE_LSTAT 1
#define HAVE_GETUID 1
#define HAVE_GETGID 1
#define HAVE_SYS_SYSMACROS_H 1
#define HAVE_MALLOC_H 1
#define HAVE_TERMIOS_H 1
#define HAVE_SYS_TYPES_H 1
#define HAVE_UNISTD_H 1
#define HAVE_STRING_H 1
#define HAVE_STRINGS_H 1
#define HAVE_SYS_STAT_H 1
#define HAVE_SYS_FCNTL_H 1
#define HAVE_LIMITS_H 1
#define ADDR32 addr32
#define DATA32 data32
#define HAVE_FT2BUILD_H 1

configure: exit 0

## ---------------------- ##
## Running config.status. ##
## ---------------------- ##

This file was extended by OSLG config.status 2.0-beta-src2, which was
generated by GNU Autoconf 2.69.  Invocation command line was

  CONFIG_FILES    = 
  CONFIG_HEADERS  = 
  CONFIG_LINKS    = 
  CONFIG_COMMANDS = 
  $ ./config.status --file=-:util/grub-mkrescue.in

on gateway-E4300


## ---------------------- ##
## Running config.status. ##
## ---------------------- ##

This file was extended by OSLG config.status 2.0-beta-src2, which was
generated by GNU Autoconf 2.69.  Invocation command line was

  CONFIG_FILES    = 
  CONFIG_HEADERS  = 
  CONFIG_LINKS    = 
  CONFIG_COMMANDS = 
  $ ./config.status --file=grub-adduser:util/grub-adduser.in

on gateway-E4300

config.status:973: creating grub-adduser

## ---------------------- ##
## Running config.status. ##
## ---------------------- ##

This file was extended by OSLG config.status 2.0-beta-src2, which was
generated by GNU Autoconf 2.69.  Invocation command line was

  CONFIG_FILES    = 
  CONFIG_HEADERS  = 
  CONFIG_LINKS    = 
  CONFIG_COMMANDS = 
  $ ./config.status --file=grub-deluser:util/grub-deluser.in

on gateway-E4300

config.status:973: creating grub-deluser

## ---------------------- ##
## Running config.status. ##
## ---------------------- ##

This file was extended by OSLG config.status 2.0-beta-src2, which was
generated by GNU Autoconf 2.69.  Invocation command line was

  CONFIG_FILES    = 
  CONFIG_HEADERS  = 
  CONFIG_LINKS    = 
  CONFIG_COMMANDS = 
  $ ./config.status --file=grub-mkconfig_lib:util/grub-mkconfig_lib.in

on gateway-E4300

config.status:973: creating grub-mkconfig_lib

## ---------------------- ##
## Running config.status. ##
## ---------------------- ##

This file was extended by OSLG config.status 2.0-beta-src2, which was
generated by GNU Autoconf 2.69.  Invocation command line was

  CONFIG_FILES    = 
  CONFIG_HEADERS  = 
  CONFIG_LINKS    = 
  CONFIG_COMMANDS = 
  $ ./config.status --file=update-grub_lib:util/update-grub_lib.in

on gateway-E4300

config.status:973: creating update-grub_lib
